c:\users\radoslawrajda\desktop\ja_projekt\asmlib\x64\debug\asmlib.pch
c:\users\radoslawrajda\desktop\ja_projekt\asmlib\x64\debug\vc143.pdb
c:\users\radoslawrajda\desktop\ja_projekt\asmlib\x64\debug\vc143.idb
c:\users\radoslawrajda\desktop\ja_projekt\asmlib\x64\debug\pch.obj
c:\users\radoslawrajda\desktop\ja_projekt\asmlib\x64\debug\dllmain.obj
c:\users\radoslawrajda\desktop\ja_projekt\japroj\x64\debug\asmlib.dll
c:\users\radoslawrajda\desktop\ja_projekt\japroj\x64\debug\asmlib.pdb
c:\users\radoslawrajda\desktop\ja_projekt\asmlib\x64\debug\jaasm.obj
c:\users\radoslawrajda\desktop\ja_projekt\japroj\x64\debug\asmlib.lib
c:\users\radoslawrajda\desktop\ja_projekt\japroj\x64\debug\asmlib.exp
c:\users\radoslawrajda\desktop\ja_projekt\asmlib\x64\debug\asmlib.ilk
c:\users\radoslawrajda\desktop\ja_projekt\asmlib\x64\debug\asmlib.tlog\cl.command.1.tlog
c:\users\radoslawrajda\desktop\ja_projekt\asmlib\x64\debug\asmlib.tlog\cl.items.tlog
c:\users\radoslawrajda\desktop\ja_projekt\asmlib\x64\debug\asmlib.tlog\cl.read.1.tlog
c:\users\radoslawrajda\desktop\ja_projekt\asmlib\x64\debug\asmlib.tlog\cl.write.1.tlog
c:\users\radoslawrajda\desktop\ja_projekt\asmlib\x64\debug\asmlib.tlog\link.command.1.tlog
c:\users\radoslawrajda\desktop\ja_projekt\asmlib\x64\debug\asmlib.tlog\link.read.1.tlog
c:\users\radoslawrajda\desktop\ja_projekt\asmlib\x64\debug\asmlib.tlog\link.secondary.1.tlog
c:\users\radoslawrajda\desktop\ja_projekt\asmlib\x64\debug\asmlib.tlog\link.write.1.tlog
c:\users\radoslawrajda\desktop\ja_projekt\asmlib\x64\debug\asmlib.tlog\masm.read.1u.tlog
c:\users\radoslawrajda\desktop\ja_projekt\asmlib\x64\debug\asmlib.tlog\masm.write.1u.tlog
